Feature dim D = 13  (same for both envs — transfer is direct)

=== PHASE 1: train on Taxi-v3 (5×5) ===
─── Run 1/5  (seed 58922320) ───
  ep   1000 | mean reward (last 1000): -176.4  ε=0.900
  ep   2000 | mean reward (last 1000): -150.7  ε=0.800
  ep   3000 | mean reward (last 1000): -119.8  ε=0.700
  ep   4000 | mean reward (last 1000): -89.2  ε=0.600
  ep   5000 | mean reward (last 1000): -67.6  ε=0.500
  ep   6000 | mean reward (last 1000): -55.5  ε=0.400
  ep   7000 | mean reward (last 1000): -41.1  ε=0.300
  ep   8000 | mean reward (last 1000): -31.9  ε=0.200
  ep   9000 | mean reward (last 1000): -41.5  ε=0.100
  ep  10000 | mean reward (last 1000): -70.9  ε=0.050
  EVAL → mean: -143.6 ± 92.8  success: 27.0%  len: 149

─── Run 2/5  (seed 58922321) ───
  ep   1000 | mean reward (last 1000): -175.3  ε=0.900
  ep   2000 | mean reward (last 1000): -148.5  ε=0.800
  ep   3000 | mean reward (last 1000): -116.0  ε=0.700
  ep   4000 | mean reward (last 1000): -92.1  ε=0.600
  ep   5000 | mean reward (last 1000): -68.8  ε=0.500
  ep   6000 | mean reward (last 1000): -56.0  ε=0.400
  ep   7000 | mean reward (last 1000): -43.5  ε=0.300
  ep   8000 | mean reward (last 1000): -35.8  ε=0.200
  ep   9000 | mean reward (last 1000): -40.0  ε=0.100
  ep  10000 | mean reward (last 1000): -64.6  ε=0.050
  EVAL → mean: -136.9 ± 96.0  success: 30.2%  len: 143

─── Run 3/5  (seed 58922322) ───
  ep   1000 | mean reward (last 1000): -175.0  ε=0.900
  ep   2000 | mean reward (last 1000): -148.6  ε=0.800
  ep   3000 | mean reward (last 1000): -118.9  ε=0.700
  ep   4000 | mean reward (last 1000): -91.6  ε=0.600
  ep   5000 | mean reward (last 1000): -66.7  ε=0.500
  ep   6000 | mean reward (last 1000): -51.9  ε=0.400
  ep   7000 | mean reward (last 1000): -40.2  ε=0.300
  ep   8000 | mean reward (last 1000): -36.9  ε=0.200
  ep   9000 | mean reward (last 1000): -40.4  ε=0.100
  ep  10000 | mean reward (last 1000): -64.1  ε=0.050
  EVAL → mean: -155.1 ± 86.0  success: 21.4%  len: 160

─── Run 4/5  (seed 58922323) ───
  ep   1000 | mean reward (last 1000): -177.5  ε=0.900
  ep   2000 | mean reward (last 1000): -148.6  ε=0.800
  ep   3000 | mean reward (last 1000): -113.0  ε=0.700
  ep   4000 | mean reward (last 1000): -88.7  ε=0.600
  ep   5000 | mean reward (last 1000): -69.1  ε=0.500
  ep   6000 | mean reward (last 1000): -52.0  ε=0.400
  ep   7000 | mean reward (last 1000): -40.6  ε=0.300
  ep   8000 | mean reward (last 1000): -34.4  ε=0.200
  ep   9000 | mean reward (last 1000): -38.7  ε=0.100
  ep  10000 | mean reward (last 1000): -65.1  ε=0.050
  EVAL → mean: -160.8 ± 81.5  success: 18.8%  len: 165

─── Run 5/5  (seed 58922324) ───
  ep   1000 | mean reward (last 1000): -176.7  ε=0.900
  ep   2000 | mean reward (last 1000): -153.0  ε=0.800
  ep   3000 | mean reward (last 1000): -107.3  ε=0.700
  ep   4000 | mean reward (last 1000): -87.6  ε=0.600
  ep   5000 | mean reward (last 1000): -65.2  ε=0.500
  ep   6000 | mean reward (last 1000): -51.1  ε=0.400
  ep   7000 | mean reward (last 1000): -39.3  ε=0.300
  ep   8000 | mean reward (last 1000): -33.4  ε=0.200
  ep   9000 | mean reward (last 1000): -35.9  ε=0.100
  ep  10000 | mean reward (last 1000): -64.8  ε=0.050
  EVAL → mean: -177.0 ± 65.3  success: 11.0%  len: 179


=== PHASE 2: transfer check ===
Taxi-v3 D=13  |  15×15 D=13
Dims match — running zero-shot eval on 15×15 with Taxi-v3 weights.
Zero-shot → mean: -500.0 ± 0.0  success: 0.0%

=== PHASE 3: fine-tune vs scratch on 15×15 (20000 eps) ===

─── Run 1/5  (seed 58922320) ───
  ep   2000 | mean reward (last 2000): -194.2  ε=0.264
  ep   4000 | mean reward (last 2000): -218.8  ε=0.229
  ep   6000 | mean reward (last 2000): -233.3  ε=0.193
  ep   8000 | mean reward (last 2000): -245.5  ε=0.157
  ep  10000 | mean reward (last 2000): -258.3  ε=0.121
  ep  12000 | mean reward (last 2000): -259.3  ε=0.086
  ep  14000 | mean reward (last 2000): -269.3  ε=0.050
  ep  16000 | mean reward (last 2000): -286.3  ε=0.050
  ep  18000 | mean reward (last 2000): -307.7  ε=0.050
  ep  20000 | mean reward (last 2000): -307.9  ε=0.050
  Fine-tune EVAL → mean: -476.7  success: 0.2%
  ep   2000 | mean reward (last 2000): -478.3  ε=0.881
  ep   4000 | mean reward (last 2000): -398.1  ε=0.763
  ep   6000 | mean reward (last 2000): -304.5  ε=0.644
  ep   8000 | mean reward (last 2000): -264.6  ε=0.525
  ep  10000 | mean reward (last 2000): -238.2  ε=0.406
  ep  12000 | mean reward (last 2000): -222.5  ε=0.288
  ep  14000 | mean reward (last 2000): -223.4  ε=0.169
  ep  16000 | mean reward (last 2000): -236.2  ε=0.050
  ep  18000 | mean reward (last 2000): -278.3  ε=0.050
  ep  20000 | mean reward (last 2000): -295.5  ε=0.050
  Scratch   EVAL → mean: -463.6  success: 1.8%

─── Run 2/5  (seed 58922321) ───
  ep   2000 | mean reward (last 2000): -199.6  ε=0.264
  ep   4000 | mean reward (last 2000): -223.2  ε=0.229
  ep   6000 | mean reward (last 2000): -238.3  ε=0.193
  ep   8000 | mean reward (last 2000): -242.5  ε=0.157
  ep  10000 | mean reward (last 2000): -247.4  ε=0.121
  ep  12000 | mean reward (last 2000): -253.6  ε=0.086
  ep  14000 | mean reward (last 2000): -282.9  ε=0.050
  ep  16000 | mean reward (last 2000): -285.8  ε=0.050
  ep  18000 | mean reward (last 2000): -314.9  ε=0.050
  ep  20000 | mean reward (last 2000): -305.8  ε=0.050
  Fine-tune EVAL → mean: -448.3  success: 1.4%
  ep   2000 | mean reward (last 2000): -473.1  ε=0.881
  ep   4000 | mean reward (last 2000): -395.2  ε=0.763
  ep   6000 | mean reward (last 2000): -310.1  ε=0.644
  ep   8000 | mean reward (last 2000): -264.2  ε=0.525
  ep  10000 | mean reward (last 2000): -236.9  ε=0.406
  ep  12000 | mean reward (last 2000): -222.4  ε=0.288
  ep  14000 | mean reward (last 2000): -229.8  ε=0.169
  ep  16000 | mean reward (last 2000): -237.1  ε=0.050
  ep  18000 | mean reward (last 2000): -283.3  ε=0.050
  ep  20000 | mean reward (last 2000): -295.1  ε=0.050
  Scratch   EVAL → mean: -455.1  success: 1.2%

─── Run 3/5  (seed 58922322) ───
  ep   2000 | mean reward (last 2000): -196.1  ε=0.264
  ep   4000 | mean reward (last 2000): -216.3  ε=0.229
  ep   6000 | mean reward (last 2000): -238.8  ε=0.193
  ep   8000 | mean reward (last 2000): -244.3  ε=0.157
  ep  10000 | mean reward (last 2000): -255.8  ε=0.121
  ep  12000 | mean reward (last 2000): -258.3  ε=0.086
  ep  14000 | mean reward (last 2000): -269.0  ε=0.050
  ep  16000 | mean reward (last 2000): -295.4  ε=0.050
  ep  18000 | mean reward (last 2000): -311.5  ε=0.050
  ep  20000 | mean reward (last 2000): -309.1  ε=0.050
  Fine-tune EVAL → mean: -468.7  success: 1.0%
  ep   2000 | mean reward (last 2000): -469.6  ε=0.881
  ep   4000 | mean reward (last 2000): -396.7  ε=0.763
  ep   6000 | mean reward (last 2000): -301.9  ε=0.644
  ep   8000 | mean reward (last 2000): -259.8  ε=0.525
  ep  10000 | mean reward (last 2000): -238.5  ε=0.406
  ep  12000 | mean reward (last 2000): -224.6  ε=0.288
  ep  14000 | mean reward (last 2000): -230.4  ε=0.169
  ep  16000 | mean reward (last 2000): -232.9  ε=0.050
  ep  18000 | mean reward (last 2000): -278.8  ε=0.050
  ep  20000 | mean reward (last 2000): -280.5  ε=0.050
  Scratch   EVAL → mean: -439.2  success: 1.8%

─── Run 4/5  (seed 58922323) ───
  ep   2000 | mean reward (last 2000): -196.8  ε=0.264
  ep   4000 | mean reward (last 2000): -219.6  ε=0.229
  ep   6000 | mean reward (last 2000): -239.0  ε=0.193
  ep   8000 | mean reward (last 2000): -247.6  ε=0.157
  ep  10000 | mean reward (last 2000): -261.0  ε=0.121
  ep  12000 | mean reward (last 2000): -255.3  ε=0.086
  ep  14000 | mean reward (last 2000): -275.1  ε=0.050
  ep  16000 | mean reward (last 2000): -291.6  ε=0.050
  ep  18000 | mean reward (last 2000): -320.7  ε=0.050
  ep  20000 | mean reward (last 2000): -309.2  ε=0.050
  Fine-tune EVAL → mean: -446.1  success: 2.6%
  ep   2000 | mean reward (last 2000): -474.9  ε=0.881
  ep   4000 | mean reward (last 2000): -396.9  ε=0.763
  ep   6000 | mean reward (last 2000): -306.8  ε=0.644
  ep   8000 | mean reward (last 2000): -260.7  ε=0.525
  ep  10000 | mean reward (last 2000): -241.2  ε=0.406
  ep  12000 | mean reward (last 2000): -223.1  ε=0.288
  ep  14000 | mean reward (last 2000): -227.4  ε=0.169
  ep  16000 | mean reward (last 2000): -234.3  ε=0.050
  ep  18000 | mean reward (last 2000): -285.6  ε=0.050
  ep  20000 | mean reward (last 2000): -289.2  ε=0.050
  Scratch   EVAL → mean: -478.6  success: 1.2%

─── Run 5/5  (seed 58922324) ───
  ep   2000 | mean reward (last 2000): -197.6  ε=0.264
  ep   4000 | mean reward (last 2000): -218.9  ε=0.229
  ep   6000 | mean reward (last 2000): -241.6  ε=0.193
  ep   8000 | mean reward (last 2000): -243.0  ε=0.157
  ep  10000 | mean reward (last 2000): -251.1  ε=0.121
  ep  12000 | mean reward (last 2000): -256.7  ε=0.086
  ep  14000 | mean reward (last 2000): -274.4  ε=0.050
  ep  16000 | mean reward (last 2000): -299.8  ε=0.050
  ep  18000 | mean reward (last 2000): -323.1  ε=0.050
  ep  20000 | mean reward (last 2000): -312.7  ε=0.050
  Fine-tune EVAL → mean: -470.4  success: 1.8%
  ep   2000 | mean reward (last 2000): -475.0  ε=0.881
  ep   4000 | mean reward (last 2000): -390.6  ε=0.763
  ep   6000 | mean reward (last 2000): -314.2  ε=0.644
  ep   8000 | mean reward (last 2000): -262.6  ε=0.525
  ep  10000 | mean reward (last 2000): -238.2  ε=0.406
  ep  12000 | mean reward (last 2000): -220.8  ε=0.288
  ep  14000 | mean reward (last 2000): -228.7  ε=0.169
  ep  16000 | mean reward (last 2000): -232.6  ε=0.050
  ep  18000 | mean reward (last 2000): -279.3  ε=0.050
  ep  20000 | mean reward (last 2000): -269.1  ε=0.050
  Scratch   EVAL → mean: -452.8  success: 2.6%


Done. Files written to results/linear_fa
  Plots         : training_taxiv3.png, weights_taxiv3.png,
                  training_15x15_finetune.png, weights_15x15_finetuned.png,
                  transfer_comparison.png
  Mean weights  : W_taxiv3.npy, W_large_finetuned.npy, W_large_scratch.npy
  Per-run       : weights/taxiv3_run{1-5}.npy
                  weights/15x15_finetune_run{1-5}.npy
                  weights/15x15_scratch_run{1-5}.npy
  Best runs     : best_taxiv3.npz, best_15x15_finetune.npz, best_15x15_scratch.npz
  Summary       : summary.json

