Run 1/12 with seed 58922320
Run 2/12 with seed 58922321
Run 3/12 with seed 58922322
Run 4/12 with seed 58922323
Run 5/12 with seed 58922324
Run 6/12 with seed 58922325
Run 7/12 with seed 58922326
Run 8/12 with seed 58922327
Run 9/12 with seed 58922328
Run 10/12 with seed 58922329
Run 11/12 with seed 58922330
Run 12/12 with seed 58922331

Done. Files written:
  results/q_learning/multi_passenger/multi_passenger_learning_curve.png
  results/q_learning/multi_passenger/multi_passenger_epsilon_schedule_effect.png
  results/q_learning/multi_passenger/checkpoints/summary.json
  results/q_learning/multi_passenger/checkpoints/summary.txt
  results/q_learning/multi_passenger/checkpoints/best_multi_masked_static.npz
  results/q_learning/multi_passenger/checkpoints/best_multi_unmasked_static.npz
  results/q_learning/multi_passenger/checkpoints/best_multi_masked_decay.npz
  results/q_learning/multi_passenger/checkpoints/best_multi_unmasked_decay.npz
  results/q_learning/multi_passenger/q_tables/multi_masked_static_qtables.npy
  results/q_learning/multi_passenger/q_tables/multi_unmasked_static_qtables.npy
  results/q_learning/multi_passenger/q_tables/multi_masked_decay_qtables.npy
  results/q_learning/multi_passenger/q_tables/multi_unmasked_decay_qtables.npy

